0 info it worked if it ends with ok
1 verbose cli [ '/usr/bin/node', '/usr/bin/npm', 'install' ]
2 info using npm@3.5.2
3 info using node@v8.10.0
4 silly loadCurrentTree Starting
5 silly install loadCurrentTree
6 silly install readLocalPackageData
7 silly install normalizeTree
8 silly loadCurrentTree Finishing
9 silly loadIdealTree Starting
10 silly install loadIdealTree
11 silly cloneCurrentTree Starting
12 silly install cloneCurrentTreeToIdealTree
13 silly cloneCurrentTree Finishing
14 silly loadShrinkwrap Starting
15 silly install loadShrinkwrap
16 silly loadShrinkwrap Finishing
17 silly loadAllDepsIntoIdealTree Starting
18 silly install loadAllDepsIntoIdealTree
19 silly fetchNamedPackageData axios
20 silly mapToRegistry name axios
21 silly mapToRegistry using default registry
22 silly mapToRegistry registry https://registry.npmjs.org/
23 silly mapToRegistry uri https://registry.npmjs.org/axios
24 silly fetchNamedPackageData express
25 silly mapToRegistry name express
26 silly mapToRegistry using default registry
27 silly mapToRegistry registry https://registry.npmjs.org/
28 silly mapToRegistry uri https://registry.npmjs.org/express
29 silly fetchNamedPackageData express-handlebars
30 silly mapToRegistry name express-handlebars
31 silly mapToRegistry using default registry
32 silly mapToRegistry registry https://registry.npmjs.org/
33 silly mapToRegistry uri https://registry.npmjs.org/express-handlebars
34 silly fetchNamedPackageData mysql2
35 silly mapToRegistry name mysql2
36 silly mapToRegistry using default registry
37 silly mapToRegistry registry https://registry.npmjs.org/
38 silly mapToRegistry uri https://registry.npmjs.org/mysql2
39 silly fetchNamedPackageData nodemon
40 silly mapToRegistry name nodemon
41 silly mapToRegistry using default registry
42 silly mapToRegistry registry https://registry.npmjs.org/
43 silly mapToRegistry uri https://registry.npmjs.org/nodemon
44 silly fetchNamedPackageData sequelize
45 silly mapToRegistry name sequelize
46 silly mapToRegistry using default registry
47 silly mapToRegistry registry https://registry.npmjs.org/
48 silly mapToRegistry uri https://registry.npmjs.org/sequelize
49 verbose request uri https://registry.npmjs.org/axios
50 verbose request no auth needed
51 info attempt registry request try #1 at 11:05:19
52 verbose request id 7ce8c4c753407d95
53 verbose etag W/"0b3132d2eca206ea69abb53901a8d7e3"
54 verbose lastModified Sun, 04 Sep 2022 08:07:42 GMT
55 http request GET https://registry.npmjs.org/axios
56 verbose request uri https://registry.npmjs.org/mysql2
57 verbose request no auth needed
58 info attempt registry request try #1 at 11:05:19
59 verbose etag W/"31acc6e068f18d72d4c31105f8d3c9d1"
60 verbose lastModified Mon, 20 Jun 2022 18:23:51 GMT
61 http request GET https://registry.npmjs.org/mysql2
62 verbose request uri https://registry.npmjs.org/nodemon
63 verbose request no auth needed
64 info attempt registry request try #1 at 11:05:19
65 verbose etag W/"801a4e875ca9db6af3fc8fa509d79f24"
66 verbose lastModified Fri, 16 Sep 2022 12:12:10 GMT
67 http request GET https://registry.npmjs.org/nodemon
68 verbose request uri https://registry.npmjs.org/express-handlebars
69 verbose request no auth needed
70 info attempt registry request try #1 at 11:05:19
71 verbose etag W/"bceb01405b282f53ed2505043afd9d96"
72 verbose lastModified Fri, 17 Jun 2022 22:19:33 GMT
73 http request GET https://registry.npmjs.org/express-handlebars
74 verbose request uri https://registry.npmjs.org/sequelize
75 verbose request no auth needed
76 info attempt registry request try #1 at 11:05:19
77 verbose etag W/"73d8673c4b867e3b2364823757078330"
78 verbose lastModified Sat, 17 Sep 2022 12:00:28 GMT
79 http request GET https://registry.npmjs.org/sequelize
80 verbose request uri https://registry.npmjs.org/express
81 verbose request no auth needed
82 info attempt registry request try #1 at 11:05:19
83 verbose etag W/"fcc3e54a87911960e6c25f9e9bab092c"
84 verbose lastModified Sun, 04 Sep 2022 08:07:40 GMT
85 http request GET https://registry.npmjs.org/express
86 http 304 https://registry.npmjs.org/mysql2
87 verbose headers { date: 'Thu, 22 Sep 2022 14:04:32 GMT',
87 verbose headers   connection: 'keep-alive',
87 verbose headers   'cf-ray': '74eb971eaaeca6ca-GRU',
87 verbose headers   age: '82',
87 verbose headers   'cache-control': 'public, max-age=300',
87 verbose headers   etag: '"31acc6e068f18d72d4c31105f8d3c9d1"',
87 verbose headers   'last-modified': 'Mon, 20 Jun 2022 18:23:51 GMT',
87 verbose headers   vary: 'Accept-Encoding',
87 verbose headers   'cf-cache-status': 'HIT',
87 verbose headers   'x-amz-replication-status': 'COMPLETED',
87 verbose headers   server: 'cloudflare' }
88 silly get cb [ 304,
88 silly get   { date: 'Thu, 22 Sep 2022 14:04:32 GMT',
88 silly get     connection: 'keep-alive',
88 silly get     'cf-ray': '74eb971eaaeca6ca-GRU',
88 silly get     age: '82',
88 silly get     'cache-control': 'public, max-age=300',
88 silly get     etag: '"31acc6e068f18d72d4c31105f8d3c9d1"',
88 silly get     'last-modified': 'Mon, 20 Jun 2022 18:23:51 GMT',
88 silly get     vary: 'Accept-Encoding',
88 silly get     'cf-cache-status': 'HIT',
88 silly get     'x-amz-replication-status': 'COMPLETED',
88 silly get     server: 'cloudflare' } ]
89 verbose etag https://registry.npmjs.org/mysql2 from cache
90 verbose get saving mysql2 to /home/suporte/.npm/registry.npmjs.org/mysql2/.cache.json
91 http 304 https://registry.npmjs.org/axios
92 verbose headers { date: 'Thu, 22 Sep 2022 14:04:32 GMT',
92 verbose headers   connection: 'keep-alive',
92 verbose headers   'cf-ray': '74eb971ea82a4b40-GRU',
92 verbose headers   age: '196',
92 verbose headers   'cache-control': 'public, max-age=300',
92 verbose headers   etag: '"0b3132d2eca206ea69abb53901a8d7e3"',
92 verbose headers   'last-modified': 'Sun, 04 Sep 2022 08:07:42 GMT',
92 verbose headers   vary: 'Accept-Encoding',
92 verbose headers   'cf-cache-status': 'HIT',
92 verbose headers   'x-amz-replication-status': 'COMPLETED',
92 verbose headers   server: 'cloudflare' }
93 silly get cb [ 304,
93 silly get   { date: 'Thu, 22 Sep 2022 14:04:32 GMT',
93 silly get     connection: 'keep-alive',
93 silly get     'cf-ray': '74eb971ea82a4b40-GRU',
93 silly get     age: '196',
93 silly get     'cache-control': 'public, max-age=300',
93 silly get     etag: '"0b3132d2eca206ea69abb53901a8d7e3"',
93 silly get     'last-modified': 'Sun, 04 Sep 2022 08:07:42 GMT',
93 silly get     vary: 'Accept-Encoding',
93 silly get     'cf-cache-status': 'HIT',
93 silly get     'x-amz-replication-status': 'COMPLETED',
93 silly get     server: 'cloudflare' } ]
94 verbose etag https://registry.npmjs.org/axios from cache
95 verbose get saving axios to /home/suporte/.npm/registry.npmjs.org/axios/.cache.json
96 silly resolveWithNewModule axios@0.27.2 checking installable status
97 silly cache add args [ 'axios@^0.27.2', null ]
98 verbose cache add spec axios@^0.27.2
99 silly cache add parsed spec Result {
99 silly cache add   raw: 'axios@^0.27.2',
99 silly cache add   scope: null,
99 silly cache add   name: 'axios',
99 silly cache add   rawSpec: '^0.27.2',
99 silly cache add   spec: '>=0.27.2 <0.28.0',
99 silly cache add   type: 'range' }
100 silly addNamed axios@>=0.27.2 <0.28.0
101 verbose addNamed ">=0.27.2 <0.28.0" is a valid semver range for axios
102 silly addNameRange { name: 'axios', range: '>=0.27.2 <0.28.0', hasData: false }
103 silly mapToRegistry name axios
104 silly mapToRegistry using default registry
105 silly mapToRegistry registry https://registry.npmjs.org/
106 silly mapToRegistry uri https://registry.npmjs.org/axios
107 verbose addNameRange registry:https://registry.npmjs.org/axios not in flight; fetching
108 silly resolveWithNewModule mysql2@2.3.3 checking installable status
109 silly cache add args [ 'mysql2@^2.3.3', null ]
110 verbose cache add spec mysql2@^2.3.3
111 silly cache add parsed spec Result {
111 silly cache add   raw: 'mysql2@^2.3.3',
111 silly cache add   scope: null,
111 silly cache add   name: 'mysql2',
111 silly cache add   rawSpec: '^2.3.3',
111 silly cache add   spec: '>=2.3.3 <3.0.0',
111 silly cache add   type: 'range' }
112 silly addNamed mysql2@>=2.3.3 <3.0.0
113 verbose addNamed ">=2.3.3 <3.0.0" is a valid semver range for mysql2
114 silly addNameRange { name: 'mysql2', range: '>=2.3.3 <3.0.0', hasData: false }
115 silly mapToRegistry name mysql2
116 silly mapToRegistry using default registry
117 silly mapToRegistry registry https://registry.npmjs.org/
118 silly mapToRegistry uri https://registry.npmjs.org/mysql2
119 verbose addNameRange registry:https://registry.npmjs.org/mysql2 not in flight; fetching
120 http 304 https://registry.npmjs.org/sequelize
121 verbose headers { date: 'Thu, 22 Sep 2022 14:04:32 GMT',
121 verbose headers   connection: 'keep-alive',
121 verbose headers   'cf-ray': '74eb971edeb45210-GRU',
121 verbose headers   age: '214',
121 verbose headers   'cache-control': 'public, max-age=300',
121 verbose headers   etag: '"73d8673c4b867e3b2364823757078330"',
121 verbose headers   'last-modified': 'Sat, 17 Sep 2022 12:00:28 GMT',
121 verbose headers   vary: 'Accept-Encoding',
121 verbose headers   'cf-cache-status': 'HIT',
121 verbose headers   'x-amz-replication-status': 'COMPLETED',
121 verbose headers   server: 'cloudflare' }
122 silly get cb [ 304,
122 silly get   { date: 'Thu, 22 Sep 2022 14:04:32 GMT',
122 silly get     connection: 'keep-alive',
122 silly get     'cf-ray': '74eb971edeb45210-GRU',
122 silly get     age: '214',
122 silly get     'cache-control': 'public, max-age=300',
122 silly get     etag: '"73d8673c4b867e3b2364823757078330"',
122 silly get     'last-modified': 'Sat, 17 Sep 2022 12:00:28 GMT',
122 silly get     vary: 'Accept-Encoding',
122 silly get     'cf-cache-status': 'HIT',
122 silly get     'x-amz-replication-status': 'COMPLETED',
122 silly get     server: 'cloudflare' } ]
123 verbose etag https://registry.npmjs.org/sequelize from cache
124 verbose get saving sequelize to /home/suporte/.npm/registry.npmjs.org/sequelize/.cache.json
125 http 304 https://registry.npmjs.org/express
126 verbose headers { date: 'Thu, 22 Sep 2022 14:04:32 GMT',
126 verbose headers   connection: 'keep-alive',
126 verbose headers   'cf-ray': '74eb971eed1ba496-GRU',
126 verbose headers   age: '116',
126 verbose headers   'cache-control': 'public, max-age=300',
126 verbose headers   etag: '"fcc3e54a87911960e6c25f9e9bab092c"',
126 verbose headers   'last-modified': 'Sun, 04 Sep 2022 08:07:40 GMT',
126 verbose headers   vary: 'Accept-Encoding',
126 verbose headers   'cf-cache-status': 'HIT',
126 verbose headers   'x-amz-replication-status': 'COMPLETED',
126 verbose headers   server: 'cloudflare' }
127 silly get cb [ 304,
127 silly get   { date: 'Thu, 22 Sep 2022 14:04:32 GMT',
127 silly get     connection: 'keep-alive',
127 silly get     'cf-ray': '74eb971eed1ba496-GRU',
127 silly get     age: '116',
127 silly get     'cache-control': 'public, max-age=300',
127 silly get     etag: '"fcc3e54a87911960e6c25f9e9bab092c"',
127 silly get     'last-modified': 'Sun, 04 Sep 2022 08:07:40 GMT',
127 silly get     vary: 'Accept-Encoding',
127 silly get     'cf-cache-status': 'HIT',
127 silly get     'x-amz-replication-status': 'COMPLETED',
127 silly get     server: 'cloudflare' } ]
128 verbose etag https://registry.npmjs.org/express from cache
129 verbose get saving express to /home/suporte/.npm/registry.npmjs.org/express/.cache.json
130 verbose get https://registry.npmjs.org/axios not expired, no request
131 silly addNameRange number 2 { name: 'axios', range: '>=0.27.2 <0.28.0', hasData: true }
132 silly addNameRange versions [ 'axios',
132 silly addNameRange   [ '0.1.0',
132 silly addNameRange     '0.2.0',
132 silly addNameRange     '0.2.1',
132 silly addNameRange     '0.2.2',
132 silly addNameRange     '0.3.0',
132 silly addNameRange     '0.3.1',
132 silly addNameRange     '0.4.0',
132 silly addNameRange     '0.4.1',
132 silly addNameRange     '0.4.2',
132 silly addNameRange     '0.5.0',
132 silly addNameRange     '0.5.1',
132 silly addNameRange     '0.5.2',
132 silly addNameRange     '0.5.3',
132 silly addNameRange     '0.5.4',
132 silly addNameRange     '0.6.0',
132 silly addNameRange     '0.7.0',
132 silly addNameRange     '0.8.0',
132 silly addNameRange     '0.8.1',
132 silly addNameRange     '0.9.0',
132 silly addNameRange     '0.9.1',
132 silly addNameRange     '0.10.0',
132 silly addNameRange     '0.11.0',
132 silly addNameRange     '0.11.1',
132 silly addNameRange     '0.12.0',
132 silly addNameRange     '0.13.0',
132 silly addNameRange     '0.13.1',
132 silly addNameRange     '0.14.0',
132 silly addNameRange     '0.15.0',
132 silly addNameRange     '0.15.1',
132 silly addNameRange     '0.15.2',
132 silly addNameRange     '0.15.3',
132 silly addNameRange     '0.16.0',
132 silly addNameRange     '0.16.1',
132 silly addNameRange     '0.16.2',
132 silly addNameRange     '0.17.0',
132 silly addNameRange     '0.17.1',
132 silly addNameRange     '0.18.0',
132 silly addNameRange     '0.19.0-beta.1',
132 silly addNameRange     '0.19.0',
132 silly addNameRange     '0.18.1',
132 silly addNameRange     '0.19.1',
132 silly addNameRange     '0.19.2',
132 silly addNameRange     '0.20.0-0',
132 silly addNameRange     '0.20.0',
132 silly addNameRange     '0.21.0',
132 silly addNameRange     '0.21.1',
132 silly addNameRange     '0.21.2',
132 silly addNameRange     '0.21.3',
132 silly addNameRange     '0.21.4',
132 silly addNameRange     '0.22.0',
132 silly addNameRange     '0.23.0',
132 silly addNameRange     '0.24.0',
132 silly addNameRange     '0.25.0',
132 silly addNameRange     '0.26.0',
132 silly addNameRange     '0.26.1',
132 silly addNameRange     '0.27.0',
132 silly addNameRange     '0.27.1',
132 silly addNameRange     '0.27.2',
132 silly addNameRange     '1.0.0-alpha.1' ] ]
133 silly addNamed axios@0.27.2
134 verbose addNamed "0.27.2" is a plain semver version for axios
135 verbose get https://registry.npmjs.org/mysql2 not expired, no request
136 silly addNameRange number 2 { name: 'mysql2', range: '>=2.3.3 <3.0.0', hasData: true }
137 silly addNameRange versions [ 'mysql2',
137 silly addNameRange   [ '0.0.1',
137 silly addNameRange     '0.0.2',
137 silly addNameRange     '0.0.3',
137 silly addNameRange     '0.1.0',
137 silly addNameRange     '0.1.1',
137 silly addNameRange     '0.1.2',
137 silly addNameRange     '0.2.0',
137 silly addNameRange     '0.2.1',
137 silly addNameRange     '0.2.2',
137 silly addNameRange     '0.2.3',
137 silly addNameRange     '0.2.4',
137 silly addNameRange     '0.3.0',
137 silly addNameRange     '0.4.0',
137 silly addNameRange     '0.5.0',
137 silly addNameRange     '0.6.0',
137 silly addNameRange     '0.7.0',
137 silly addNameRange     '0.8.0',
137 silly addNameRange     '0.8.1',
137 silly addNameRange     '0.8.2',
137 silly addNameRange     '0.8.3',
137 silly addNameRange     '0.8.4',
137 silly addNameRange     '0.8.5',
137 silly addNameRange     '0.8.6',
137 silly addNameRange     '0.8.7',
137 silly addNameRange     '0.8.8',
137 silly addNameRange     '0.8.9',
137 silly addNameRange     '0.8.10',
137 silly addNameRange     '0.8.11',
137 silly addNameRange     '0.8.12',
137 silly addNameRange     '0.8.13',
137 silly addNameRange     '0.8.14',
137 silly addNameRange     '0.8.15',
137 silly addNameRange     '0.8.16',
137 silly addNameRange     '0.8.17',
137 silly addNameRange     '0.8.18',
137 silly addNameRange     '0.8.19',
137 silly addNameRange     '0.8.20',
137 silly addNameRange     '0.8.21',
137 silly addNameRange     '0.9.1',
137 silly addNameRange     '0.9.2',
137 silly addNameRange     '0.10.1',
137 silly addNameRange     '0.10.2',
137 silly addNameRange     '0.10.3',
137 silly addNameRange     '0.10.4',
137 silly addNameRange     '0.10.5',
137 silly addNameRange     '0.10.6',
137 silly addNameRange     '0.10.7',
137 silly addNameRange     '0.11.0',
137 silly addNameRange     '0.11.1',
137 silly addNameRange     '0.11.2',
137 silly addNameRange     '0.11.3',
137 silly addNameRange     '0.11.4',
137 silly addNameRange     '0.11.5',
137 silly addNameRange     '0.11.6',
137 silly addNameRange     '0.11.7',
137 silly addNameRange     '0.11.8',
137 silly addNameRange     '0.12.0',
137 silly addNameRange     '0.12.1',
137 silly addNameRange     '0.12.2',
137 silly addNameRange     '0.12.3',
137 silly addNameRange     '0.12.4',
137 silly addNameRange     '0.12.5',
137 silly addNameRange     '0.13.0',
137 silly addNameRange     '0.14.0',
137 silly addNameRange     '0.14.1',
137 silly addNameRange     '0.15.0',
137 silly addNameRange     '0.15.1',
137 silly addNameRange     '0.15.2',
137 silly addNameRange     '0.15.3',
137 silly addNameRange     '0.15.4',
137 silly addNameRange     '0.15.5',
137 silly addNameRange     '0.15.6',
137 silly addNameRange     '0.15.7',
137 silly addNameRange     '0.15.8',
137 silly addNameRange     '1.0.0-rc.1',
137 silly addNameRange     '1.0.0-rc.2',
137 silly addNameRange     '1.0.0-rc.3',
137 silly addNameRange     '1.0.0-rc.4',
137 silly addNameRange     '1.0.0-rc.5',
137 silly addNameRange     '1.0.0-rc.6',
137 silly addNameRange     '1.0.0-rc.7',
137 silly addNameRange     '1.0.0-rc.8',
137 silly addNameRange     '1.0.0-rc.9',
137 silly addNameRange     '1.0.0-rc.10',
137 silly addNameRange     '1.0.0-rc.11',
137 silly addNameRange     '1.0.0-rc.12',
137 silly addNameRange     '1.0.0-rc.13',
137 silly addNameRange     '1.0.0',
137 silly addNameRange     '1.1.0',
137 silly addNameRange     '1.1.1',
137 silly addNameRange     '1.1.2',
137 silly addNameRange     '1.2.0',
137 silly addNameRange     '1.3.0',
137 silly addNameRange     '1.3.1',
137 silly addNameRange     '1.3.2',
137 silly addNameRange     '1.3.3',
137 silly addNameRange     '1.3.4',
137 silly addNameRange     '1.3.5',
137 silly addNameRange     '1.3.6',
137 silly addNameRange     '1.4.0',
137 silly addNameRange     ... 30 more items ] ]
138 silly addNamed mysql2@2.3.3
139 verbose addNamed "2.3.3" is a plain semver version for mysql2
140 silly resolveWithNewModule express@4.18.1 checking installable status
141 silly cache add args [ 'express@^4.18.1', null ]
142 verbose cache add spec express@^4.18.1
143 silly cache add parsed spec Result {
143 silly cache add   raw: 'express@^4.18.1',
143 silly cache add   scope: null,
143 silly cache add   name: 'express',
143 silly cache add   rawSpec: '^4.18.1',
143 silly cache add   spec: '>=4.18.1 <5.0.0',
143 silly cache add   type: 'range' }
144 silly addNamed express@>=4.18.1 <5.0.0
145 verbose addNamed ">=4.18.1 <5.0.0" is a valid semver range for express
146 silly addNameRange { name: 'express', range: '>=4.18.1 <5.0.0', hasData: false }
147 silly mapToRegistry name express
148 silly mapToRegistry using default registry
149 silly mapToRegistry registry https://registry.npmjs.org/
150 silly mapToRegistry uri https://registry.npmjs.org/express
151 verbose addNameRange registry:https://registry.npmjs.org/express not in flight; fetching
152 verbose stack Error: Missing required argument #1
152 verbose stack     at andLogAndFinish (/usr/share/npm/lib/fetch-package-metadata.js:31:3)
152 verbose stack     at fetchPackageMetadata (/usr/share/npm/lib/fetch-package-metadata.js:51:22)
152 verbose stack     at resolveWithNewModule (/usr/share/npm/lib/install/deps.js:456:12)
152 verbose stack     at /usr/share/npm/lib/install/deps.js:457:7
152 verbose stack     at /usr/share/npm/node_modules/iferr/index.js:13:50
152 verbose stack     at /usr/share/npm/lib/fetch-package-metadata.js:37:12
152 verbose stack     at addRequestedAndFinish (/usr/share/npm/lib/fetch-package-metadata.js:82:5)
152 verbose stack     at returnAndAddMetadata (/usr/share/npm/lib/fetch-package-metadata.js:117:7)
152 verbose stack     at pickVersionFromRegistryDocument (/usr/share/npm/lib/fetch-package-metadata.js:134:20)
152 verbose stack     at /usr/share/npm/node_modules/iferr/index.js:13:50
153 verbose cwd /home/suporte/Documentos/DanTemp/Projeto-Chamado
154 error Linux 5.4.0-126-generic
155 error argv "/usr/bin/node" "/usr/bin/npm" "install"
156 error node v8.10.0
157 error npm  v3.5.2
158 error code EMISSINGARG
159 error typeerror Error: Missing required argument #1
159 error typeerror     at andLogAndFinish (/usr/share/npm/lib/fetch-package-metadata.js:31:3)
159 error typeerror     at fetchPackageMetadata (/usr/share/npm/lib/fetch-package-metadata.js:51:22)
159 error typeerror     at resolveWithNewModule (/usr/share/npm/lib/install/deps.js:456:12)
159 error typeerror     at /usr/share/npm/lib/install/deps.js:457:7
159 error typeerror     at /usr/share/npm/node_modules/iferr/index.js:13:50
159 error typeerror     at /usr/share/npm/lib/fetch-package-metadata.js:37:12
159 error typeerror     at addRequestedAndFinish (/usr/share/npm/lib/fetch-package-metadata.js:82:5)
159 error typeerror     at returnAndAddMetadata (/usr/share/npm/lib/fetch-package-metadata.js:117:7)
159 error typeerror     at pickVersionFromRegistryDocument (/usr/share/npm/lib/fetch-package-metadata.js:134:20)
159 error typeerror     at /usr/share/npm/node_modules/iferr/index.js:13:50
160 error typeerror This is an error with npm itself. Please report this error at:
160 error typeerror     <http://github.com/npm/npm/issues>
161 verbose exit [ 1, true ]
